# JRE version: OpenJDK Runtime Environment (11.0.11+9) (build 11.0.11+9-b60-7590822)
# Java VM: OpenJDK 64-Bit Server VM (11.0.11+9-b60-7590822, mixed mode, tiered, compressed oops, g1 gc, windows-amd64)
Heap:
 garbage-first heap   total 327680K, used 169270K [0x0000000080000000, 0x0000000100000000)
  region size 1024K, 57 young (58368K), 7 survivors (7168K)
 Metaspace       used 127451K, capacity 130998K, committed 131368K, reserved 1163264K
  class space    used 16082K, capacity 17424K, committed 17548K, reserved 1048576K
GC Heap History (20 events):
Event: 18.119 GC heap before
{Heap before GC invocations=9 (full 0):
 garbage-first heap   total 327680K, used 115972K [0x0000000080000000, 0x0000000100000000)
  region size 1024K, 98 young (100352K), 10 survivors (10240K)
 Metaspace       used 43377K, capacity 44389K, committed 44444K, reserved 1087488K
  class space    used 5513K, capacity 5886K, committed 5888K, reserved 1048576K
}
Event: 18.148 GC heap after
{Heap after GC invocations=10 (full 0):
 garbage-first heap   total 327680K, used 28816K [0x0000000080000000, 0x0000000100000000)
  region size 1024K, 13 young (13312K), 13 survivors (13312K)
 Metaspace       used 43377K, capacity 44389K, committed 44444K, reserved 1087488K
  class space    used 5513K, capacity 5886K, committed 5888K, reserved 1048576K
}
Event: 25.662 GC heap before
{Heap before GC invocations=10 (full 0):
 garbage-first heap   total 327680K, used 198800K [0x0000000080000000, 0x0000000100000000)
  region size 1024K, 175 young (179200K), 13 survivors (13312K)
 Metaspace       used 57328K, capacity 58779K, committed 58908K, reserved 1099776K
  class space    used 7204K, capacity 7702K, committed 7808K, reserved 1048576K
}
Event: 25.706 GC heap after
{Heap after GC invocations=11 (full 0):
 garbage-first heap   total 327680K, used 44702K [0x0000000080000000, 0x0000000100000000)
  region size 1024K, 22 young (22528K), 22 survivors (22528K)
 Metaspace       used 57328K, capacity 58779K, committed 58908K, reserved 1099776K
  class space    used 7204K, capacity 7702K, committed 7808K, reserved 1048576K
}
Event: 26.264 GC heap before
{Heap before GC invocations=11 (full 0):
 garbage-first heap   total 327680K, used 56990K [0x0000000080000000, 0x0000000100000000)
  region size 1024K, 35 young (35840K), 22 survivors (22528K)
 Metaspace       used 59155K, capacity 60599K, committed 60636K, reserved 1101824K
  class space    used 7458K, capacity 7963K, committed 8000K, reserved 1048576K
}
Event: 26.319 GC heap after
{Heap after GC invocations=12 (full 0):
 garbage-first heap   total 327680K, used 46254K [0x0000000080000000, 0x0000000100000000)
  region size 1024K, 14 young (14336K), 14 survivors (14336K)
 Metaspace       used 59155K, capacity 60599K, committed 60636K, reserved 1101824K
  class space    used 7458K, capacity 7963K, committed 8000K, reserved 1048576K
}
Event: 30.556 GC heap before
{Heap before GC invocations=13 (full 0):
 garbage-first heap   total 327680K, used 179374K [0x0000000080000000, 0x0000000100000000)
  region size 1024K, 144 young (147456K), 14 survivors (14336K)
 Metaspace       used 70215K, capacity 71889K, committed 72104K, reserved 1112064K
  class space    used 9044K, capacity 9621K, committed 9740K, reserved 1048576K
}
Event: 30.598 GC heap after
{Heap after GC invocations=14 (full 0):
 garbage-first heap   total 327680K, used 55808K [0x0000000080000000, 0x0000000100000000)
  region size 1024K, 11 young (11264K), 11 survivors (11264K)
 Metaspace       used 70215K, capacity 71889K, committed 72104K, reserved 1112064K
  class space    used 9044K, capacity 9621K, committed 9740K, reserved 1048576K
}
Event: 37.171 GC heap before
{Heap before GC invocations=14 (full 0):
 garbage-first heap   total 327680K, used 198144K [0x0000000080000000, 0x0000000100000000)
  region size 1024K, 150 young (153600K), 11 survivors (11264K)
 Metaspace       used 83091K, capacity 85188K, committed 85416K, reserved 1124352K
  class space    used 10754K, capacity 11516K, committed 11532K, reserved 1048576K
}
Event: 37.226 GC heap after
{Heap after GC invocations=15 (full 0):
 garbage-first heap   total 327680K, used 67555K [0x0000000080000000, 0x0000000100000000)
  region size 1024K, 19 young (19456K), 19 survivors (19456K)
 Metaspace       used 83091K, capacity 85188K, committed 85416K, reserved 1124352K
  class space    used 10754K, capacity 11516K, committed 11532K, reserved 1048576K
}
Event: 43.444 GC heap before
{Heap before GC invocations=15 (full 0):
 garbage-first heap   total 327680K, used 210915K [0x0000000080000000, 0x0000000100000000)
  region size 1024K, 160 young (163840K), 19 survivors (19456K)
 Metaspace       used 90084K, capacity 92491K, committed 92584K, reserved 1130496K
  class space    used 11600K, capacity 12481K, committed 12556K, reserved 1048576K
}
Event: 43.501 GC heap after
{Heap after GC invocations=16 (full 0):
 garbage-first heap   total 327680K, used 78848K [0x0000000080000000, 0x0000000100000000)
  region size 1024K, 20 young (20480K), 20 survivors (20480K)
 Metaspace       used 90084K, capacity 92491K, committed 92584K, reserved 1130496K
  class space    used 11600K, capacity 12481K, committed 12556K, reserved 1048576K
}
Event: 48.727 GC heap before
{Heap before GC invocations=16 (full 0):
 garbage-first heap   total 327680K, used 157696K [0x0000000080000000, 0x0000000100000000)
  region size 1024K, 97 young (99328K), 20 survivors (20480K)
 Metaspace       used 98880K, capacity 101470K, committed 101544K, reserved 1136640K
  class space    used 12587K, capacity 13533K, committed 13580K, reserved 1048576K
}
Event: 48.876 GC heap after
{Heap after GC invocations=17 (full 0):
 garbage-first heap   total 327680K, used 94208K [0x0000000080000000, 0x0000000100000000)
  region size 1024K, 21 young (21504K), 21 survivors (21504K)
 Metaspace       used 98880K, capacity 101470K, committed 101544K, reserved 1136640K
  class space    used 12587K, capacity 13533K, committed 13580K, reserved 1048576K
}
Event: 60.272 GC heap before
{Heap before GC invocations=18 (full 0):
 garbage-first heap   total 327680K, used 217088K [0x0000000080000000, 0x0000000100000000)
  region size 1024K, 138 young (141312K), 21 survivors (21504K)
 Metaspace       used 103788K, capacity 106269K, committed 106408K, reserved 1142784K
  class space    used 13082K, capacity 14005K, committed 14092K, reserved 1048576K
}
Event: 60.320 GC heap after
{Heap after GC invocations=19 (full 0):
 garbage-first heap   total 327680K, used 88064K [0x0000000080000000, 0x0000000100000000)
  region size 1024K, 6 young (6144K), 6 survivors (6144K)
 Metaspace       used 103788K, capacity 106269K, committed 106408K, reserved 1142784K
  class space    used 13082K, capacity 14005K, committed 14092K, reserved 1048576K
}
Event: 68.831 GC heap before
{Heap before GC invocations=20 (full 0):
 garbage-first heap   total 327680K, used 215040K [0x0000000080000000, 0x0000000100000000)
  region size 1024K, 131 young (134144K), 6 survivors (6144K)
 Metaspace       used 116464K, capacity 119833K, committed 119976K, reserved 1153024K
  class space    used 14866K, capacity 16139K, committed 16140K, reserved 1048576K
}
Event: 68.879 GC heap after
{Heap after GC invocations=21 (full 0):
 garbage-first heap   total 327680K, used 99840K [0x0000000080000000, 0x0000000100000000)
  region size 1024K, 17 young (17408K), 17 survivors (17408K)
 Metaspace       used 116464K, capacity 119833K, committed 119976K, reserved 1153024K
  class space    used 14866K, capacity 16139K, committed 16140K, reserved 1048576K
}
Event: 84.436 GC heap before
{Heap before GC invocations=21 (full 0):
 garbage-first heap   total 327680K, used 252416K [0x0000000080000000, 0x0000000100000000)
  region size 1024K, 141 young (144384K), 17 survivors (17408K)
 Metaspace       used 126771K, capacity 130292K, committed 130472K, reserved 1163264K
  class space    used 16073K, capacity 17409K, committed 17420K, reserved 1048576K
}
Event: 84.470 GC heap after
{Heap after GC invocations=22 (full 0):
 garbage-first heap   total 327680K, used 95542K [0x0000000080000000, 0x0000000100000000)
  region size 1024K, 7 young (7168K), 7 survivors (7168K)
 Metaspace       used 126771K, capacity 130292K, committed 130472K, reserved 1163264K
  class space    used 16073K, capacity 17409K, committed 17420K, reserved 1048576K
}

